<?xml version="1.0" encoding="UTF-8"?>
<!-- Generated by org.testng.reporters.JUnitReportReporter -->
<testsuite hostname="TYSS-Rajesh" failures="0" tests="1" name="tests.TC_Purplle_001" time="58.849" errors="0" timestamp="2023-01-01T11:44:20 IST" skipped="0">
  <testcase classname="tests.TC_Purplle_001" name="checkAllPages" time="58.849"/>
  <system-out/>
</testsuite> <!-- tests.TC_Purplle_001 -->
