<?xml version="1.0" encoding="UTF-8"?>
<!-- Generated by org.testng.reporters.JUnitReportReporter -->
<testsuite hostname="TYSS-Rajesh" failures="0" tests="1" name="tests.AddTwoProductToCart" time="349.060" errors="0" timestamp="2022-12-28T17:29:46 IST" skipped="0">
  <testcase classname="tests.AddTwoProductToCart" name="addProductToCartTest" time="349.060"/>
  <system-out/>
</testsuite> <!-- tests.AddTwoProductToCart -->
