<?xml version="1.0" encoding="UTF-8"?>
<!-- Generated by org.testng.reporters.JUnitReportReporter -->
<testsuite hostname="TYSS-Rajesh" failures="0" tests="1" name="tests.Demo2" time="15.003" errors="0" timestamp="2023-01-05T12:42:39 IST" skipped="0">
  <testcase classname="tests.Demo2" name="three" time="15.003"/>
  <system-out/>
</testsuite> <!-- tests.Demo2 -->
