<?xml version="1.0" encoding="UTF-8"?>
<!-- Generated by org.testng.reporters.JUnitReportReporter -->
<testsuite hostname="TYSS-Rajesh" failures="0" tests="2" name="tests.ProductGeneric" time="380.938" errors="0" timestamp="2022-12-27T16:32:10 IST" skipped="0">
  <testcase classname="tests.ProductGeneric" name="addProductToCartTest" time="185.896"/>
  <system-out/>
  <testcase classname="tests.ProductGeneric" name="addProductToCartTest" time="195.042"/>
  <system-out/>
</testsuite> <!-- tests.ProductGeneric -->
