<?xml version="1.0" encoding="UTF-8"?>
<!-- Generated by org.testng.reporters.JUnitReportReporter -->
<testsuite hostname="TYSS-Rajesh" failures="0" tests="1" name="tests.TC_Purplle_001" time="61.578" errors="0" timestamp="2023-01-05T15:22:28 IST" skipped="0">
  <testcase classname="tests.TC_Purplle_001" name="checkAllPages" time="61.578"/>
  <system-out/>
</testsuite> <!-- tests.TC_Purplle_001 -->
