<?xml version="1.0" encoding="UTF-8"?>
<!-- Generated by org.testng.reporters.JUnitReportReporter -->
<testsuite hostname="TYSS-Rajesh" failures="0" tests="1" name="tests.TC_Purplle_002" time="200.431" errors="0" timestamp="2023-01-05T15:28:11 IST" skipped="0">
  <testcase classname="tests.TC_Purplle_002" name="addProductToCartTest" time="200.431"/>
  <system-out/>
</testsuite> <!-- tests.TC_Purplle_002 -->
