<?xml version="1.0" encoding="UTF-8"?>
<!-- Generated by org.testng.reporters.JUnitReportReporter -->
<testsuite hostname="TYSS-Rajesh" failures="0" tests="1" name="tests.TC_Purplle_002" time="361.910" errors="0" timestamp="2022-12-29T10:27:06 IST" skipped="0">
  <testcase classname="tests.TC_Purplle_002" name="addProductToCartTest" time="361.910"/>
  <system-out/>
</testsuite> <!-- tests.TC_Purplle_002 -->
