<?xml version="1.0" encoding="UTF-8"?>
<!-- Generated by org.testng.reporters.JUnitReportReporter -->
<testsuite hostname="TYSS-Rajesh" failures="0" tests="1" name="tests.PurplleTest" time="171.119" errors="0" timestamp="2022-12-28T12:54:25 IST" skipped="0">
  <testcase classname="tests.PurplleTest" name="checkAllPages" time="171.119"/>
  <system-out/>
</testsuite> <!-- tests.PurplleTest -->
