<?xml version="1.0" encoding="UTF-8"?>
<!-- Generated by org.testng.reporters.JUnitReportReporter -->
<testsuite hostname="TYSS-Rajesh" failures="0" tests="2" name="tests.Demo" time="30.146" errors="0" timestamp="2023-01-05T12:42:39 IST" skipped="0">
  <testcase classname="tests.Demo" name="two" time="15.073"/>
  <system-out/>
  <testcase classname="tests.Demo" name="one" time="15.073"/>
  <system-out/>
</testsuite> <!-- tests.Demo -->
