<?xml version="1.0" encoding="UTF-8"?>
<!-- Generated by org.testng.reporters.JUnitReportReporter -->
<testsuite hostname="TYSS-Rajesh" failures="0" tests="3" name="tests.dp" time="0.064" errors="0" timestamp="2022-12-21T16:49:17 IST" skipped="0">
  <testcase classname="tests.dp" name="AddVariants" time="0.003"/>
  <system-out/>
  <testcase classname="tests.dp" name="AddVariants" time="0.058"/>
  <system-out/>
  <testcase classname="tests.dp" name="AddVariants" time="0.003"/>
  <system-out/>
</testsuite> <!-- tests.dp -->
